This is pdfTeX, Version 3.1415926-2.5-1.40.14 (TeX Live 2013/Debian) (format=pdflatex 2014.4.29)  14 SEP 2014 15:47
entering extended mode
 restricted \write18 enabled.
 %&-line parsing enabled.
**D1-3.tex
(./D1-3.tex
LaTeX2e <2011/06/27>
Babel <3.9h> and hyphenation patterns for 2 languages loaded.
(./20120615_deliverable_template_ukob.cls

LaTeX Warning: You have requested document class `20120615_deliverable_template
_ukob',
               but the document class provides `LiveGov'.

Document Class: LiveGov 2012/06/15 v01 Live+Gov deliverables and documents
(/usr/share/texlive/texmf-dist/tex/generic/oberdiek/ifpdf.sty
Package: ifpdf 2011/01/30 v2.3 Provides the ifpdf switch (HO)
Package ifpdf Info: pdfTeX in PDF mode is detected.
)
(/usr/share/texlive/texmf-dist/tex/latex/base/report.cls
Document Class: report 2007/10/19 v1.4h Standard LaTeX document class
(/usr/share/texlive/texmf-dist/tex/latex/base/size12.clo
File: size12.clo 2007/10/19 v1.4h Standard LaTeX file (size option)
)
\c@part=\count79
\c@chapter=\count80
\c@section=\count81
\c@subsection=\count82
\c@subsubsection=\count83
\c@paragraph=\count84
\c@subparagraph=\count85
\c@figure=\count86
\c@table=\count87
\abovecaptionskip=\skip41
\belowcaptionskip=\skip42
\bibindent=\dimen102
)
(/usr/share/texlive/texmf-dist/tex/latex/footmisc/footmisc.sty
Package: footmisc 2011/06/06 v5.5b a miscellany of footnote facilities
\FN@temptoken=\toks14
\footnotemargin=\dimen103
\c@pp@next@reset=\count88
Package footmisc Info: Declaring symbol style bringhurst on input line 855.
Package footmisc Info: Declaring symbol style chicago on input line 863.
Package footmisc Info: Declaring symbol style wiley on input line 872.
Package footmisc Info: Declaring symbol style lamport-robust on input line 883.

Package footmisc Info: Declaring symbol style lamport* on input line 903.
Package footmisc Info: Declaring symbol style lamport*-robust on input line 924
.
)
(/usr/share/texlive/texmf-dist/tex/latex/graphics/graphicx.sty
Package: graphicx 1999/02/16 v1.0f Enhanced LaTeX Graphics (DPC,SPQR)

(/usr/share/texlive/texmf-dist/tex/latex/graphics/keyval.sty
Package: keyval 1999/03/16 v1.13 key=value parser (DPC)
\KV@toks@=\toks15
)
(/usr/share/texlive/texmf-dist/tex/latex/graphics/graphics.sty
Package: graphics 2009/02/05 v1.0o Standard LaTeX Graphics (DPC,SPQR)

(/usr/share/texlive/texmf-dist/tex/latex/graphics/trig.sty
Package: trig 1999/03/16 v1.09 sin cos tan (DPC)
)
(/usr/share/texlive/texmf-dist/tex/latex/latexconfig/graphics.cfg
File: graphics.cfg 2010/04/23 v1.9 graphics configuration of TeX Live
)
Package graphics Info: Driver file: pdftex.def on input line 91.

(/usr/share/texlive/texmf-dist/tex/latex/pdftex-def/pdftex.def
File: pdftex.def 2011/05/27 v0.06d Graphics/color for pdfTeX

(/usr/share/texlive/texmf-dist/tex/generic/oberdiek/infwarerr.sty
Package: infwarerr 2010/04/08 v1.3 Providing info/warning/error messages (HO)
)
(/usr/share/texlive/texmf-dist/tex/generic/oberdiek/ltxcmds.sty
Package: ltxcmds 2011/11/09 v1.22 LaTeX kernel commands for general use (HO)
)
\Gread@gobject=\count89
))
\Gin@req@height=\dimen104
\Gin@req@width=\dimen105
)
(/usr/share/texlive/texmf-dist/tex/latex/hyperref/hyperref.sty
Package: hyperref 2012/11/06 v6.83m Hypertext links for LaTeX

(/usr/share/texlive/texmf-dist/tex/generic/oberdiek/hobsub-hyperref.sty
Package: hobsub-hyperref 2012/05/28 v1.13 Bundle oberdiek, subset hyperref (HO)


(/usr/share/texlive/texmf-dist/tex/generic/oberdiek/hobsub-generic.sty
Package: hobsub-generic 2012/05/28 v1.13 Bundle oberdiek, subset generic (HO)
Package: hobsub 2012/05/28 v1.13 Construct package bundles (HO)
Package hobsub Info: Skipping package `infwarerr' (already loaded).
Package hobsub Info: Skipping package `ltxcmds' (already loaded).
Package: ifluatex 2010/03/01 v1.3 Provides the ifluatex switch (HO)
Package ifluatex Info: LuaTeX not detected.
Package: ifvtex 2010/03/01 v1.5 Detect VTeX and its facilities (HO)
Package ifvtex Info: VTeX not detected.
Package: intcalc 2007/09/27 v1.1 Expandable calculations with integers (HO)
Package hobsub Info: Skipping package `ifpdf' (already loaded).
Package: etexcmds 2011/02/16 v1.5 Avoid name clashes with e-TeX commands (HO)
Package etexcmds Info: Could not find \expanded.
(etexcmds)             That can mean that you are not using pdfTeX 1.50 or
(etexcmds)             that some package has redefined \expanded.
(etexcmds)             In the latter case, load this package earlier.
Package: kvsetkeys 2012/04/25 v1.16 Key value parser (HO)
Package: kvdefinekeys 2011/04/07 v1.3 Define keys (HO)
Package: pdftexcmds 2011/11/29 v0.20 Utility functions of pdfTeX for LuaTeX (HO
)
Package pdftexcmds Info: LuaTeX not detected.
Package pdftexcmds Info: \pdf@primitive is available.
Package pdftexcmds Info: \pdf@ifprimitive is available.
Package pdftexcmds Info: \pdfdraftmode found.
Package: pdfescape 2011/11/25 v1.13 Implements pdfTeX's escape features (HO)
Package: bigintcalc 2012/04/08 v1.3 Expandable calculations on big integers (HO
)
Package: bitset 2011/01/30 v1.1 Handle bit-vector datatype (HO)
Package: uniquecounter 2011/01/30 v1.2 Provide unlimited unique counter (HO)
)
Package hobsub Info: Skipping package `hobsub' (already loaded).
Package: letltxmacro 2010/09/02 v1.4 Let assignment for LaTeX macros (HO)
Package: hopatch 2012/05/28 v1.2 Wrapper for package hooks (HO)
Package: xcolor-patch 2011/01/30 xcolor patch
Package: atveryend 2011/06/30 v1.8 Hooks at the very end of document (HO)
Package atveryend Info: \enddocument detected (standard20110627).
Package: atbegshi 2011/10/05 v1.16 At begin shipout hook (HO)
Package: refcount 2011/10/16 v3.4 Data extraction from label references (HO)
Package: hycolor 2011/01/30 v1.7 Color options for hyperref/bookmark (HO)
)
(/usr/share/texlive/texmf-dist/tex/generic/ifxetex/ifxetex.sty
Package: ifxetex 2010/09/12 v0.6 Provides ifxetex conditional
)
(/usr/share/texlive/texmf-dist/tex/latex/oberdiek/auxhook.sty
Package: auxhook 2011/03/04 v1.3 Hooks for auxiliary files (HO)
)
(/usr/share/texlive/texmf-dist/tex/latex/oberdiek/kvoptions.sty
Package: kvoptions 2011/06/30 v3.11 Key value format for package options (HO)
)
\@linkdim=\dimen106
\Hy@linkcounter=\count90
\Hy@pagecounter=\count91

(/usr/share/texlive/texmf-dist/tex/latex/hyperref/pd1enc.def
File: pd1enc.def 2012/11/06 v6.83m Hyperref: PDFDocEncoding definition (HO)
)
\Hy@SavedSpaceFactor=\count92

(/usr/share/texlive/texmf-dist/tex/latex/latexconfig/hyperref.cfg
File: hyperref.cfg 2002/06/06 v1.2 hyperref configuration of TeXLive
)

Package hyperref Warning: Option `a4paper' is no longer used.

Package hyperref Info: Option `colorlinks' set `true' on input line 4319.

Package hyperref Warning: Option `pagecolor' is not available anymore.

Package hyperref Info: Option `setpagesize' set `false' on input line 4319.
Package hyperref Info: Option `bookmarksopen' set `false' on input line 4319.
Package hyperref Info: Hyper figures OFF on input line 4443.
Package hyperref Info: Link nesting OFF on input line 4448.
Package hyperref Info: Hyper index ON on input line 4451.
Package hyperref Info: Plain pages OFF on input line 4458.
Package hyperref Info: Backreferencing OFF on input line 4463.
Package hyperref Info: Implicit mode ON; LaTeX internals redefined.
Package hyperref Info: Bookmarks ON on input line 4688.
\c@Hy@tempcnt=\count93
(/usr/share/texlive/texmf-dist/tex/latex/url/url.sty
\Urlmuskip=\muskip10
Package: url 2013/09/16  ver 3.4  Verb mode for urls, etc.
)
LaTeX Info: Redefining \url on input line 5041.
\XeTeXLinkMargin=\dimen107
\Fld@menulength=\count94
\Field@Width=\dimen108
\Fld@charsize=\dimen109
Package hyperref Info: Hyper figures OFF on input line 6295.
Package hyperref Info: Link nesting OFF on input line 6300.
Package hyperref Info: Hyper index ON on input line 6303.
Package hyperref Info: backreferencing OFF on input line 6310.
Package hyperref Info: Link coloring ON on input line 6313.
Package hyperref Info: Link coloring with OCG OFF on input line 6320.
Package hyperref Info: PDF/A mode OFF on input line 6325.
LaTeX Info: Redefining \ref on input line 6365.
LaTeX Info: Redefining \pageref on input line 6369.
\Hy@abspage=\count95
\c@Item=\count96
\c@Hfootnote=\count97
)

Package hyperref Message: Driver: hpdftex.

(/usr/share/texlive/texmf-dist/tex/latex/hyperref/hpdftex.def
File: hpdftex.def 2012/11/06 v6.83m Hyperref driver for pdfTeX
\Fld@listcount=\count98
\c@bookmark@seq@number=\count99

(/usr/share/texlive/texmf-dist/tex/latex/oberdiek/rerunfilecheck.sty
Package: rerunfilecheck 2011/04/15 v1.7 Rerun checks for auxiliary files (HO)
Package uniquecounter Info: New unique counter `rerunfilecheck' on input line 2
82.
)
\Hy@SectionHShift=\skip43
)
(/usr/share/texlive/texmf-dist/tex/latex/graphics/color.sty
Package: color 2005/11/14 v1.0j Standard LaTeX Color (DPC)

(/usr/share/texlive/texmf-dist/tex/latex/latexconfig/color.cfg
File: color.cfg 2007/01/18 v1.5 color configuration of teTeX/TeXLive
)
Package color Info: Driver file: pdftex.def on input line 130.
)
(/usr/share/texlive/texmf-dist/tex/latex/colortbl/colortbl.sty
Package: colortbl 2012/02/13 v1.0a Color table columns (DPC)

(/usr/share/texlive/texmf-dist/tex/latex/tools/array.sty
Package: array 2008/09/09 v2.4c Tabular extension package (FMi)
\col@sep=\dimen110
\extrarowheight=\dimen111
\NC@list=\toks16
\extratabsurround=\skip44
\backup@length=\skip45
)
\everycr=\toks17
\minrowclearance=\skip46
)
(/usr/share/texlive/texmf-dist/tex/latex/psnfss/times.sty
Package: times 2005/04/12 PSNFSS-v9.2a (SPQR) 
)
(/usr/share/texlive/texmf-dist/tex/latex/psnfss/mathptmx.sty
Package: mathptmx 2005/04/12 PSNFSS-v9.2a Times w/ Math, improved (SPQR, WaS) 
LaTeX Font Info:    Redeclaring symbol font `operators' on input line 28.
LaTeX Font Info:    Overwriting symbol font `operators' in version `normal'
(Font)                  OT1/cmr/m/n --> OT1/ztmcm/m/n on input line 28.
LaTeX Font Info:    Overwriting symbol font `operators' in version `bold'
(Font)                  OT1/cmr/bx/n --> OT1/ztmcm/m/n on input line 28.
LaTeX Font Info:    Redeclaring symbol font `letters' on input line 29.
LaTeX Font Info:    Overwriting symbol font `letters' in version `normal'
(Font)                  OML/cmm/m/it --> OML/ztmcm/m/it on input line 29.
LaTeX Font Info:    Overwriting symbol font `letters' in version `bold'
(Font)                  OML/cmm/b/it --> OML/ztmcm/m/it on input line 29.
LaTeX Font Info:    Redeclaring symbol font `symbols' on input line 30.
LaTeX Font Info:    Overwriting symbol font `symbols' in version `normal'
(Font)                  OMS/cmsy/m/n --> OMS/ztmcm/m/n on input line 30.
LaTeX Font Info:    Overwriting symbol font `symbols' in version `bold'
(Font)                  OMS/cmsy/b/n --> OMS/ztmcm/m/n on input line 30.
LaTeX Font Info:    Redeclaring symbol font `largesymbols' on input line 31.
LaTeX Font Info:    Overwriting symbol font `largesymbols' in version `normal'
(Font)                  OMX/cmex/m/n --> OMX/ztmcm/m/n on input line 31.
LaTeX Font Info:    Overwriting symbol font `largesymbols' in version `bold'
(Font)                  OMX/cmex/m/n --> OMX/ztmcm/m/n on input line 31.
\symbold=\mathgroup4
\symitalic=\mathgroup5
LaTeX Font Info:    Redeclaring math alphabet \mathbf on input line 34.
LaTeX Font Info:    Overwriting math alphabet `\mathbf' in version `normal'
(Font)                  OT1/cmr/bx/n --> OT1/ptm/bx/n on input line 34.
LaTeX Font Info:    Overwriting math alphabet `\mathbf' in version `bold'
(Font)                  OT1/cmr/bx/n --> OT1/ptm/bx/n on input line 34.
LaTeX Font Info:    Redeclaring math alphabet \mathit on input line 35.
LaTeX Font Info:    Overwriting math alphabet `\mathit' in version `normal'
(Font)                  OT1/cmr/m/it --> OT1/ptm/m/it on input line 35.
LaTeX Font Info:    Overwriting math alphabet `\mathit' in version `bold'
(Font)                  OT1/cmr/bx/it --> OT1/ptm/m/it on input line 35.
LaTeX Info: Redefining \hbar on input line 50.
)
(/usr/share/texlive/texmf-dist/tex/latex/fancyhdr/fancyhdr.sty
\fancy@headwidth=\skip47
\f@ncyO@elh=\skip48
\f@ncyO@erh=\skip49
\f@ncyO@olh=\skip50
\f@ncyO@orh=\skip51
\f@ncyO@elf=\skip52
\f@ncyO@erf=\skip53
\f@ncyO@olf=\skip54
\f@ncyO@orf=\skip55
)
(/usr/share/texlive/texmf-dist/tex/latex/base/alltt.sty
Package: alltt 1997/06/16 v2.0g defines alltt environment
)
(/usr/share/texlive/texmf-dist/tex/latex/lastpage/lastpage.sty
Package: lastpage 2013/01/28 v1.2l Refers to last page's name (HMM; JPG)
)
(/usr/share/texlive/texmf-dist/tex/latex/parskip/parskip.sty
Package: parskip 2001/04/09 non-zero parskip adjustments
)
(/usr/share/texlive/texmf-dist/tex/latex/oberdiek/pdflscape.sty
Package: pdflscape 2008/08/11 v0.10 Display of landscape pages in PDF (HO)

(/usr/share/texlive/texmf-dist/tex/latex/graphics/lscape.sty
Package: lscape 2000/10/22 v3.01 Landscape Pages (DPC)
)
Package pdflscape Info: Auto-detected driver: pdftex on input line 80.
)
(/usr/share/texlive/texmf-dist/tex/latex/titlesec/titletoc.sty
Package: titletoc 2011/12/15 v1.6 TOC entries
\ttl@leftsep=\dimen112
)
(/usr/share/texlive/texmf-dist/tex/latex/fancyvrb/fancyvrb.sty
Package: fancyvrb 2008/02/07

Style option: `fancyvrb' v2.7a, with DG/SPQR fixes, and firstline=lastline fix 
<2008/02/07> (tvz)
\FV@CodeLineNo=\count100
\FV@InFile=\read1
\FV@TabBox=\box26
\c@FancyVerbLine=\count101
\FV@StepNumber=\count102
\FV@OutFile=\write3
)) (/usr/share/texlive/texmf-dist/tex/latex/tools/xspace.sty
Package: xspace 2009/10/20 v1.13 Space after command names (DPC,MH)
) (/usr/share/texlive/texmf-dist/tex/latex/amsmath/amsmath.sty
Package: amsmath 2013/01/14 v2.14 AMS math features
\@mathmargin=\skip56

For additional information on amsmath, use the `?' option.
(/usr/share/texlive/texmf-dist/tex/latex/amsmath/amstext.sty
Package: amstext 2000/06/29 v2.01

(/usr/share/texlive/texmf-dist/tex/latex/amsmath/amsgen.sty
File: amsgen.sty 1999/11/30 v2.0
\@emptytoks=\toks18
\ex@=\dimen113
))
(/usr/share/texlive/texmf-dist/tex/latex/amsmath/amsbsy.sty
Package: amsbsy 1999/11/29 v1.2d
\pmbraise@=\dimen114
)
(/usr/share/texlive/texmf-dist/tex/latex/amsmath/amsopn.sty
Package: amsopn 1999/12/14 v2.01 operator names
)
\inf@bad=\count103
LaTeX Info: Redefining \frac on input line 210.
\uproot@=\count104
\leftroot@=\count105
LaTeX Info: Redefining \overline on input line 306.
\classnum@=\count106
\DOTSCASE@=\count107
LaTeX Info: Redefining \ldots on input line 378.
LaTeX Info: Redefining \dots on input line 381.
LaTeX Info: Redefining \cdots on input line 466.
\Mathstrutbox@=\box27
\strutbox@=\box28
\big@size=\dimen115
LaTeX Font Info:    Redeclaring font encoding OML on input line 566.
LaTeX Font Info:    Redeclaring font encoding OMS on input line 567.
\macc@depth=\count108
\c@MaxMatrixCols=\count109
\dotsspace@=\muskip11
\c@parentequation=\count110
\dspbrk@lvl=\count111
\tag@help=\toks19
\row@=\count112
\column@=\count113
\maxfields@=\count114
\andhelp@=\toks20
\eqnshift@=\dimen116
\alignsep@=\dimen117
\tagshift@=\dimen118
\tagwidth@=\dimen119
\totwidth@=\dimen120
\lineht@=\dimen121
\@envbody=\toks21
\multlinegap=\skip57
\multlinetaggap=\skip58
\mathdisplay@stack=\toks22
LaTeX Info: Redefining \[ on input line 2665.
LaTeX Info: Redefining \] on input line 2666.
)
(/usr/share/texlive/texmf-dist/tex/latex/amscls/amsthm.sty
Package: amsthm 2004/08/06 v2.20
\thm@style=\toks23
\thm@bodyfont=\toks24
\thm@headfont=\toks25
\thm@notefont=\toks26
\thm@headpunct=\toks27
\thm@preskip=\skip59
\thm@postskip=\skip60
\thm@headsep=\skip61
\dth@everypar=\toks28
)
(/usr/share/texlive/texmf-dist/tex/latex/amsfonts/amssymb.sty
Package: amssymb 2013/01/14 v3.01 AMS font symbols

(/usr/share/texlive/texmf-dist/tex/latex/amsfonts/amsfonts.sty
Package: amsfonts 2013/01/14 v3.01 Basic AMSFonts support
\symAMSa=\mathgroup6
\symAMSb=\mathgroup7
LaTeX Font Info:    Overwriting math alphabet `\mathfrak' in version `bold'
(Font)                  U/euf/m/n --> U/euf/b/n on input line 106.
))
\c@example=\count115

(/usr/share/texmf/tex/latex/xcolor/xcolor.sty
Package: xcolor 2007/01/21 v2.11 LaTeX color extensions (UK)

(/usr/share/texlive/texmf-dist/tex/latex/latexconfig/color.cfg
File: color.cfg 2007/01/18 v1.5 color configuration of teTeX/TeXLive
)
Package xcolor Info: Driver file: pdftex.def on input line 225.
LaTeX Info: Redefining \color on input line 702.
Package xcolor Info: Model `cmy' substituted by `cmy0' on input line 1337.
Package xcolor Info: Model `hsb' substituted by `rgb' on input line 1341.
Package xcolor Info: Model `RGB' extended on input line 1353.
Package xcolor Info: Model `HTML' substituted by `rgb' on input line 1355.
Package xcolor Info: Model `Hsb' substituted by `hsb' on input line 1356.
Package xcolor Info: Model `tHsb' substituted by `hsb' on input line 1357.
Package xcolor Info: Model `HSB' substituted by `hsb' on input line 1358.
Package xcolor Info: Model `Gray' substituted by `gray' on input line 1359.
Package xcolor Info: Model `wave' substituted by `hsb' on input line 1360.
)
(/usr/share/texlive/texmf-dist/tex/latex/tools/calc.sty
Package: calc 2007/08/22 v4.3 Infix arithmetic (KKT,FJ)
\calc@Acount=\count116
\calc@Bcount=\count117
\calc@Adimen=\dimen122
\calc@Bdimen=\dimen123
\calc@Askip=\skip62
\calc@Bskip=\skip63
LaTeX Info: Redefining \setlength on input line 76.
LaTeX Info: Redefining \addtolength on input line 77.
\calc@Ccount=\count118
\calc@Cskip=\skip64
)
(/usr/share/texlive/texmf-dist/tex/latex/eso-pic/eso-pic.sty
Package: eso-pic 2013/10/06 v2.0d eso-pic (RN)
)
\landscapewidth=\skip65
\landscapeheight=\skip66

(/usr/share/texlive/texmf-dist/tex/latex/appendix/appendix.sty
Package: appendix 2009/09/02 v1.2b extra appendix facilities
\c@@pps=\count119
\c@@ppsavesec=\count120
\c@@ppsaveapp=\count121
) (./D1-3.aux)
\openout1 = `D1-3.aux'.

LaTeX Font Info:    Checking defaults for OML/cmm/m/it on input line 92.
LaTeX Font Info:    ... okay on input line 92.
LaTeX Font Info:    Checking defaults for T1/cmr/m/n on input line 92.
LaTeX Font Info:    ... okay on input line 92.
LaTeX Font Info:    Checking defaults for OT1/cmr/m/n on input line 92.
LaTeX Font Info:    ... okay on input line 92.
LaTeX Font Info:    Checking defaults for OMS/cmsy/m/n on input line 92.
LaTeX Font Info:    ... okay on input line 92.
LaTeX Font Info:    Checking defaults for OMX/cmex/m/n on input line 92.
LaTeX Font Info:    ... okay on input line 92.
LaTeX Font Info:    Checking defaults for U/cmr/m/n on input line 92.
LaTeX Font Info:    ... okay on input line 92.
LaTeX Font Info:    Checking defaults for PD1/pdf/m/n on input line 92.
LaTeX Font Info:    ... okay on input line 92.
LaTeX Font Info:    Try loading font information for OT1+ptm on input line 92.

(/usr/share/texlive/texmf-dist/tex/latex/psnfss/ot1ptm.fd
File: ot1ptm.fd 2001/06/04 font definitions for OT1/ptm.
)
(/usr/share/texlive/texmf-dist/tex/context/base/supp-pdf.mkii
[Loading MPS to PDF converter (version 2006.09.02).]
\scratchcounter=\count122
\scratchdimen=\dimen124
\scratchbox=\box29
\nofMPsegments=\count123
\nofMParguments=\count124
\everyMPshowfont=\toks29
\MPscratchCnt=\count125
\MPscratchDim=\dimen125
\MPnumerator=\count126
\makeMPintoPDFobject=\count127
\everyMPtoPDFconversion=\toks30
) (/usr/share/texlive/texmf-dist/tex/latex/oberdiek/epstopdf-base.sty
Package: epstopdf-base 2010/02/09 v2.5 Base part for package epstopdf

(/usr/share/texlive/texmf-dist/tex/latex/oberdiek/grfext.sty
Package: grfext 2010/08/19 v1.1 Manage graphics extensions (HO)
)
Package grfext Info: Graphics extension search list:
(grfext)             [.pdf,.png,.jpg,.eps]
(grfext)             \AppendGraphicsExtensions on input line 452.

(/usr/share/texlive/texmf-dist/tex/latex/latexconfig/epstopdf-sys.cfg
File: epstopdf-sys.cfg 2010/07/13 v1.3 Configuration of (r)epstopdf for TeX Liv
e
))
\AtBeginShipoutBox=\box30
Package hyperref Info: Link coloring ON on input line 92.

(/usr/share/texlive/texmf-dist/tex/latex/hyperref/nameref.sty
Package: nameref 2012/10/27 v2.43 Cross-referencing by name of section

(/usr/share/texlive/texmf-dist/tex/generic/oberdiek/gettitlestring.sty
Package: gettitlestring 2010/12/03 v1.4 Cleanup title references (HO)
)
\c@section@level=\count128
)
LaTeX Info: Redefining \ref on input line 92.
LaTeX Info: Redefining \pageref on input line 92.
LaTeX Info: Redefining \nameref on input line 92.

(./D1-3.out) (./D1-3.out)
\@outlinefile=\write4
\openout4 = `D1-3.out'.

Package lastpage Info: Please have a look at the pageslts package at
(lastpage)             http://www.ctan.org/tex-archive/ 
(lastpage)             macros/latex/contrib/pageslts/ 
(lastpage)             or
(lastpage)             http://www.ctan.org/tex-archive/ 
(lastpage)             install/macros/latex/contrib/pageslts.tds.zip
(lastpage)             ! on input line 92.
LaTeX Font Info:    Try loading font information for OT1+ztmcm on input line 92
.

(/usr/share/texlive/texmf-dist/tex/latex/psnfss/ot1ztmcm.fd
File: ot1ztmcm.fd 2000/01/03 Fontinst v1.801 font definitions for OT1/ztmcm.
)
LaTeX Font Info:    Try loading font information for OML+ztmcm on input line 92
.

(/usr/share/texlive/texmf-dist/tex/latex/psnfss/omlztmcm.fd
File: omlztmcm.fd 2000/01/03 Fontinst v1.801 font definitions for OML/ztmcm.
)
LaTeX Font Info:    Try loading font information for OMS+ztmcm on input line 92
.

(/usr/share/texlive/texmf-dist/tex/latex/psnfss/omsztmcm.fd
File: omsztmcm.fd 2000/01/03 Fontinst v1.801 font definitions for OMS/ztmcm.
)
LaTeX Font Info:    Try loading font information for OMX+ztmcm on input line 92
.

(/usr/share/texlive/texmf-dist/tex/latex/psnfss/omxztmcm.fd
File: omxztmcm.fd 2000/01/03 Fontinst v1.801 font definitions for OMX/ztmcm.
)
LaTeX Font Info:    Font shape `OT1/ptm/bx/n' in size <12> not available
(Font)              Font shape `OT1/ptm/b/n' tried instead on input line 92.
LaTeX Font Info:    Font shape `OT1/ptm/bx/n' in size <9> not available
(Font)              Font shape `OT1/ptm/b/n' tried instead on input line 92.
LaTeX Font Info:    Font shape `OT1/ptm/bx/n' in size <7> not available
(Font)              Font shape `OT1/ptm/b/n' tried instead on input line 92.

<LiveGovLogo.png, id=44, 752.8125pt x 127.47626pt>
File: LiveGovLogo.png Graphic file (type png)
 <use LiveGovLogo.png>
Package pdftex.def Info: LiveGovLogo.png used on input line 92.
(pdftex.def)             Requested size: 287.0882pt x 48.6146pt.
LaTeX Font Info:    Try loading font information for OT1+verdana on input line 
92.
LaTeX Font Info:    No file OT1verdana.fd. on input line 92.


LaTeX Font Warning: Font shape `OT1/verdana/m/n' undefined
(Font)              using `OT1/cmr/m/n' instead on input line 92.

Missing character: There is no â in font ptmr7t!
Missing character: There is no € in font ptmr7t!
Missing character: There is no “ in font ptmr7t!
LaTeX Font Info:    Font shape `OT1/ptm/bx/n' in size <30> not available
(Font)              Font shape `OT1/ptm/b/n' tried instead on input line 92.

Package xcolor Warning: Incompatible color definition on input line 92.


Package xcolor Warning: Incompatible color definition on input line 92.


Package xcolor Warning: Incompatible color definition on input line 92.


Package xcolor Warning: Incompatible color definition on input line 92.


Package xcolor Warning: Incompatible color definition on input line 92.


Package xcolor Warning: Incompatible color definition on input line 92.


Package xcolor Warning: Incompatible color definition on input line 92.


Package xcolor Warning: Incompatible color definition on input line 92.


Package xcolor Warning: Incompatible color definition on input line 92.


Package xcolor Warning: Incompatible color definition on input line 92.


Package xcolor Warning: Incompatible color definition on input line 92.


Underfull \hbox (badness 10000) in paragraph at lines 92--92

 []

<FP7.jpg, id=47, 790.955pt x 643.40375pt>
File: FP7.jpg Graphic file (type jpg)
 <use FP7.jpg>
Package pdftex.def Info: FP7.jpg used on input line 92.
(pdftex.def)             Requested size: 62.25182pt x 50.6459pt.

Overfull \hbox (5.34631pt too wide) in paragraph at lines 92--92
[]|[]| 
 []

<eu-flag.png, id=48, 170.6375pt x 113.42375pt>
File: eu-flag.png Graphic file (type png)
 <use eu-flag.png>
Package pdftex.def Info: eu-flag.png used on input line 92.
(pdftex.def)             Requested size: 47.9422pt x 31.86707pt.


Package xcolor Warning: Incompatible color definition on input line 92.

[1

{/var/lib/texmf/fonts/map/pdftex/updmap/pdftex.map} <./LiveGovLogo.png> <./FP7.
jpg> <./eu-flag.png>]
LaTeX Font Info:    Try loading font information for OMS+ptm on input line 92.

(/usr/share/texlive/texmf-dist/tex/latex/psnfss/omsptm.fd
File: omsptm.fd 
)
LaTeX Font Info:    Font shape `OMS/ptm/m/n' in size <12> not available
(Font)              Font shape `OMS/cmsy/m/n' tried instead on input line 92.
Missing character: There is no Ã in font ptmr7t!
Missing character: There is no ¤ in font ptmr7t!

<LiveGovLogoSmall.png, id=60, 421.575pt x 71.26625pt>
File: LiveGovLogoSmall.png Graphic file (type png)

<use LiveGovLogoSmall.png>
Package pdftex.def Info: LiveGovLogoSmall.png used on input line 92.
(pdftex.def)             Requested size: 144.7488pt x 24.46938pt.


Package Fancyhdr Warning: \headheight is too small (15.2pt): 
 Make it at least 28.81941pt.
 We now make it that large for the rest of the document.
 This may cause the page layout to be inconsistent, however.

[2 <./LiveGovLogoSmall.png>]
LaTeX Font Info:    Try loading font information for OT1+phv on input line 96.

(/usr/share/texlive/texmf-dist/tex/latex/psnfss/ot1phv.fd
File: ot1phv.fd 2001/06/04 scalable font definitions for OT1/phv.
)
LaTeX Font Info:    Font shape `OT1/phv/bx/n' in size <14.4> not available
(Font)              Font shape `OT1/phv/b/n' tried instead on input line 96.
File: LiveGovLogoSmall.png Graphic file (type png)

<use LiveGovLogoSmall.png>
Package pdftex.def Info: LiveGovLogoSmall.png used on input line 126.
(pdftex.def)             Requested size: 144.7488pt x 24.46938pt.


Package Fancyhdr Warning: \headheight is too small (15.2pt): 
 Make it at least 28.81941pt.
 We now make it that large for the rest of the document.
 This may cause the page layout to be inconsistent, however.

[3]
File: LiveGovLogoSmall.png Graphic file (type png)
 <use LiveGovLogoSmall.png>
Package pdftex.def Info: LiveGovLogoSmall.png used on input line 137.
(pdftex.def)             Requested size: 144.7488pt x 24.46938pt.


Package Fancyhdr Warning: \headheight is too small (15.2pt): 
 Make it at least 28.81941pt.
 We now make it that large for the rest of the document.
 This may cause the page layout to be inconsistent, however.

[4

]
File: LiveGovLogoSmall.png Graphic file (type png)
 <use LiveGovLogoSmall.png>
Package pdftex.def Info: LiveGovLogoSmall.png used on input line 233.
(pdftex.def)             Requested size: 144.7488pt x 24.46938pt.


Package Fancyhdr Warning: \headheight is too small (15.2pt): 
 Make it at least 28.81941pt.
 We now make it that large for the rest of the document.
 This may cause the page layout to be inconsistent, however.

[5

] (./D1-3.toc

Package xcolor Warning: Incompatible color definition on input line 1.

LaTeX Font Info:    Font shape `OT1/phv/bx/n' in size <12> not available
(Font)              Font shape `OT1/phv/b/n' tried instead on input line 1.

Package xcolor Warning: Incompatible color definition on input line 1.


Package xcolor Warning: Incompatible color definition on input line 2.


Package xcolor Warning: Incompatible color definition on input line 2.


Package xcolor Warning: Incompatible color definition on input line 24.


Package xcolor Warning: Incompatible color definition on input line 24.


Package xcolor Warning: Incompatible color definition on input line 47.


Package xcolor Warning: Incompatible color definition on input line 47.


Package xcolor Warning: Incompatible color definition on input line 93.


Package xcolor Warning: Incompatible color definition on input line 93.


Package xcolor Warning: Incompatible color definition on input line 94.


Package xcolor Warning: Incompatible color definition on input line 94.


Package xcolor Warning: Incompatible color definition on input line 98.


Package xcolor Warning: Incompatible color definition on input line 98.


Package xcolor Warning: Incompatible color definition on input line 99.


Package xcolor Warning: Incompatible color definition on input line 99.


Package xcolor Warning: Incompatible color definition on input line 100.


Package xcolor Warning: Incompatible color definition on input line 100.


Package xcolor Warning: Incompatible color definition on input line 101.


Package xcolor Warning: Incompatible color definition on input line 101.

)
\tf@toc=\write5
\openout5 = `D1-3.toc'.

File: LiveGovLogoSmall.png Graphic file (type png)
 <use LiveGovLogoSmall.png>
Package pdftex.def Info: LiveGovLogoSmall.png used on input line 233.
(pdftex.def)             Requested size: 144.7488pt x 24.46938pt.


Package Fancyhdr Warning: \headheight is too small (15.2pt): 
 Make it at least 28.81941pt.
 We now make it that large for the rest of the document.
 This may cause the page layout to be inconsistent, however.

[6

] (./D1-3.lof

Package xcolor Warning: Incompatible color definition on input line 1.


Package xcolor Warning: Incompatible color definition on input line 2.


Package xcolor Warning: Incompatible color definition on input line 3.


Package xcolor Warning: Incompatible color definition on input line 4.


Package xcolor Warning: Incompatible color definition on input line 5.


Package xcolor Warning: Incompatible color definition on input line 6.


Package xcolor Warning: Incompatible color definition on input line 7.


Package xcolor Warning: Incompatible color definition on input line 8.


Package xcolor Warning: Incompatible color definition on input line 9.


Package xcolor Warning: Incompatible color definition on input line 10.


Package xcolor Warning: Incompatible color definition on input line 11.


Package xcolor Warning: Incompatible color definition on input line 12.

)
\tf@lof=\write6
\openout6 = `D1-3.lof'.

 (./D1-3.lot)
\tf@lot=\write7
\openout7 = `D1-3.lot'.

File: LiveGovLogoSmall.png Graphic file (type png)
 <use LiveGovLogoSmall.png>
Package pdftex.def Info: LiveGovLogoSmall.png used on input line 235.
(pdftex.def)             Requested size: 144.7488pt x 24.46938pt.


Package Fancyhdr Warning: \headheight is too small (15.2pt): 
 Make it at least 28.81941pt.
 We now make it that large for the rest of the document.
 This may cause the page layout to be inconsistent, however.

[7

] (./PrivacyProtection-2014-09-09.tex
File: LiveGovLogoSmall.png Graphic file (type png)
 <use LiveGovLogoSmall.png>
Package pdftex.def Info: LiveGovLogoSmall.png used on input line 39.
(pdftex.def)             Requested size: 144.7488pt x 24.46938pt.


Package Fancyhdr Warning: \headheight is too small (15.2pt): 
 Make it at least 28.81941pt.
 We now make it that large for the rest of the document.
 This may cause the page layout to be inconsistent, however.

[8]

LaTeX Warning: Hyper reference `references' on page 9 undefined on input line 4
8.


LaTeX Warning: Hyper reference `references' on page 9 undefined on input line 5
1.


LaTeX Warning: Hyper reference `references' on page 9 undefined on input line 6
2.


LaTeX Warning: Hyper reference `references' on page 9 undefined on input line 6
9.


LaTeX Warning: Hyper reference `references' on page 9 undefined on input line 7
3.


LaTeX Warning: Hyper reference `references' on page 9 undefined on input line 8
2.


LaTeX Warning: Hyper reference `references' on page 9 undefined on input line 8
5.


LaTeX Warning: Hyper reference `references' on page 9 undefined on input line 9
1.


LaTeX Warning: Hyper reference `references' on page 9 undefined on input line 1
00.

File: LiveGovLogoSmall.png Graphic file (type png)
<use LiveGovLogoSmall.png>
Package pdftex.def Info: LiveGovLogoSmall.png used on input line 104.
(pdftex.def)             Requested size: 144.7488pt x 24.46938pt.


Package Fancyhdr Warning: \headheight is too small (15.2pt): 
 Make it at least 28.81941pt.
 We now make it that large for the rest of the document.
 This may cause the page layout to be inconsistent, however.

[9]

LaTeX Warning: Hyper reference `references' on page 10 undefined on input line 
107.


LaTeX Warning: Hyper reference `references' on page 10 undefined on input line 
113.


LaTeX Warning: Hyper reference `references' on page 10 undefined on input line 
122.


LaTeX Warning: Hyper reference `references' on page 10 undefined on input line 
140.


LaTeX Warning: Hyper reference `references' on page 10 undefined on input line 
148.


LaTeX Warning: Hyper reference `references' on page 10 undefined on input line 
148.


LaTeX Warning: Hyper reference `references' on page 10 undefined on input line 
148.


LaTeX Warning: Hyper reference `references' on page 10 undefined on input line 
156.


LaTeX Warning: Hyper reference `references' on page 10 undefined on input line 
165.


LaTeX Warning: Hyper reference `references' on page 10 undefined on input line 
166.


LaTeX Warning: Hyper reference `references' on page 10 undefined on input line 
168.


Underfull \hbox (badness 10000) in paragraph at lines 158--169
[]\OT1/ptm/m/n/12 The BDSG does not implement \OT1/ptm/b/n/12 independet \OT1/p
tm/m/n/12 supervisory authorities.
 []


LaTeX Warning: Hyper reference `references' on page 10 undefined on input line 
175.


Underfull \hbox (badness 10000) in paragraph at lines 173--176
[]\OT1/ptm/m/n/12 The states of Germany have their own
 []


LaTeX Warning: Hyper reference `references' on page 10 undefined on input line 
177.

File: LiveGovLogoSmall.png Graphic file (type png)
<use LiveGovLogoSmall.png>
Package pdftex.def Info: LiveGovLogoSmall.png used on input line 182.
(pdftex.def)             Requested size: 144.7488pt x 24.46938pt.


Package Fancyhdr Warning: \headheight is too small (15.2pt): 
 Make it at least 28.81941pt.
 We now make it that large for the rest of the document.
 This may cause the page layout to be inconsistent, however.

[10]

Package xcolor Warning: Incompatible color definition on input line 184.

Missing character: There is no Ã in font ptmr7t!
Missing character: There is no ¼ in font ptmr7t!

Package xcolor Warning: Incompatible color definition on input line 189.

Missing character: There is no Ã in font ptmr7t!
Missing character: There is no ¼ in font ptmr7t!

LaTeX Warning: Hyper reference `references' on page 11 undefined on input line 
219.


LaTeX Warning: Hyper reference `references' on page 11 undefined on input line 
219.


LaTeX Warning: Hyper reference `references' on page 11 undefined on input line 
223.


LaTeX Warning: Hyper reference `references' on page 11 undefined on input line 
227.

Missing character: There is no Â in font ptmri7t!
Missing character: There is no £ in font ptmri7t!
Missing character: There is no Â in font ptmri7t!
Missing character: There is no £ in font ptmri7t!
Missing character: There is no Â in font ptmri7t!
Missing character: There is no £ in font ptmri7t!
File: LiveGovLogoSmall.png Graphic file (type png)
<use LiveGovLogoSmall.png>
Package pdftex.def Info: LiveGovLogoSmall.png used on input line 267.
(pdftex.def)             Requested size: 144.7488pt x 24.46938pt.


Package Fancyhdr Warning: \headheight is too small (15.2pt): 
 Make it at least 28.81941pt.
 We now make it that large for the rest of the document.
 This may cause the page layout to be inconsistent, however.

[11]

LaTeX Warning: Hyper reference `references' on page 12 undefined on input line 
268.

Missing character: There is no Â in font ptmri7t!
Missing character: There is no ° in font ptmri7t!
Missing character: There is no Ã in font ptmri7t!
Missing character: There is no » in font ptmri7t!
Missing character: There is no Â in font ptmri7t!
Missing character: There is no ° in font ptmri7t!
Missing character: There is no Ã in font ptmri7t!
Missing character: There is no   in font ptmri7t!
Missing character: There is no Ã in font ptmri7t!
Missing character: There is no © in font ptmri7t!

LaTeX Warning: Hyper reference `references' on page 12 undefined on input line 
276.


LaTeX Warning: Hyper reference `references' on page 12 undefined on input line 
276.


LaTeX Warning: Hyper reference `references' on page 12 undefined on input line 
276.


LaTeX Warning: Hyper reference `references' on page 12 undefined on input line 
283.


LaTeX Warning: Hyper reference `references' on page 12 undefined on input line 
286.


LaTeX Warning: Hyper reference `references' on page 12 undefined on input line 
290.


LaTeX Warning: Hyper reference `references' on page 12 undefined on input line 
303.


LaTeX Warning: Hyper reference `references' on page 12 undefined on input line 
306.


LaTeX Warning: Hyper reference `references' on page 12 undefined on input line 
312.

File: LiveGovLogoSmall.png Graphic file (type png)
<use LiveGovLogoSmall.png>
Package pdftex.def Info: LiveGovLogoSmall.png used on input line 331.
(pdftex.def)             Requested size: 144.7488pt x 24.46938pt.


Package Fancyhdr Warning: \headheight is too small (15.2pt): 
 Make it at least 28.81941pt.
 We now make it that large for the rest of the document.
 This may cause the page layout to be inconsistent, however.

[12]

LaTeX Warning: Hyper reference `references' on page 13 undefined on input line 
334.


LaTeX Warning: Hyper reference `references' on page 13 undefined on input line 
364.


LaTeX Warning: Hyper reference `references' on page 13 undefined on input line 
367.


LaTeX Warning: Hyper reference `references' on page 13 undefined on input line 
382.


LaTeX Warning: Hyper reference `references' on page 13 undefined on input line 
400.


LaTeX Warning: Hyper reference `references' on page 13 undefined on input line 
421.

File: LiveGovLogoSmall.png Graphic file (type png)
<use LiveGovLogoSmall.png>
Package pdftex.def Info: LiveGovLogoSmall.png used on input line 424.
(pdftex.def)             Requested size: 144.7488pt x 24.46938pt.


Package Fancyhdr Warning: \headheight is too small (15.2pt): 
 Make it at least 28.81941pt.
 We now make it that large for the rest of the document.
 This may cause the page layout to be inconsistent, however.

[13]

LaTeX Warning: Hyper reference `references' on page 14 undefined on input line 
437.


LaTeX Warning: Hyper reference `references' on page 14 undefined on input line 
439.


LaTeX Warning: Hyper reference `references' on page 14 undefined on input line 
452.

(./figures/Basic-IT-Security-Terminology.tex
<diagrams/png/itsecterminology.png, id=191, 790.955pt x 543.631pt>
File: diagrams/png/itsecterminology.png Graphic file (type png)

<use diagrams/png/itsecterminology.png>
Package pdftex.def Info: diagrams/png/itsecterminology.png used on input line 3
.
(pdftex.def)             Requested size: 458.08936pt x 314.84996pt.
)
LaTeX Font Info:    Try loading font information for OT1+pcr on input line 491.


(/usr/share/texlive/texmf-dist/tex/latex/psnfss/ot1pcr.fd
File: ot1pcr.fd 2001/06/04 font definitions for OT1/pcr.
)
LaTeX Font Info:    Try loading font information for OML+pcr on input line 491.


(/usr/share/texlive/texmf-dist/tex/latex/psnfss/omlpcr.fd
File: omlpcr.fd 
)
LaTeX Font Info:    Font shape `OML/pcr/m/n' in size <12> not available
(Font)              Font shape `OML/cmm/m/it' tried instead on input line 491.
Missing character: There is no Ã in font ptmri7t!
Missing character: There is no ¶ in font ptmri7t!
File: LiveGovLogoSmall.png Graphic file (type png)

<use LiveGovLogoSmall.png>
Package pdftex.def Info: LiveGovLogoSmall.png used on input line 505.
(pdftex.def)             Requested size: 144.7488pt x 24.46938pt.


Package Fancyhdr Warning: \headheight is too small (15.2pt): 
 Make it at least 28.81941pt.
 We now make it that large for the rest of the document.
 This may cause the page layout to be inconsistent, however.

[14] (./figures/The-IT-Security-Reference-Model-Grimm.tex
<diagrams/png/itsec-ref-model-grimm.png, id=205, 1636.514pt x 1141.063pt>
File: diagrams/png/itsec-ref-model-grimm.png Graphic file (type png)

<use diagrams/png/itsec-ref-model-grimm.png>
Package pdftex.def Info: diagrams/png/itsec-ref-model-grimm.png used on input l
ine 3.
(pdftex.def)             Requested size: 458.08936pt x 319.39099pt.
File: LiveGovLogoSmall.png Graphic file (type png)
 <use LiveGovLogoSmall.png>
Package pdftex.def Info: LiveGovLogoSmall.png used on input line 5.
(pdftex.def)             Requested size: 144.7488pt x 24.46938pt.


Package Fancyhdr Warning: \headheight is too small (15.2pt): 
 Make it at least 28.81941pt.
 We now make it that large for the rest of the document.
 This may cause the page layout to be inconsistent, however.

[15 <./diagrams/png/itsecterminology.png>])
File: LiveGovLogoSmall.png Graphic file (type png)
 <use LiveGovLogoSmall.png>
Package pdftex.def Info: LiveGovLogoSmall.png used on input line 583.
(pdftex.def)             Requested size: 144.7488pt x 24.46938pt.


Package Fancyhdr Warning: \headheight is too small (15.2pt): 
 Make it at least 28.81941pt.
 We now make it that large for the rest of the document.
 This may cause the page layout to be inconsistent, however.

[16 <./diagrams/png/itsec-ref-model-grimm.png>]
(./figures/The-IT-Security-Reference-Analysis-Grimm.tex
<diagrams/png/itsec-ref-model-grimm-procedure.png, id=224, 1636.514pt x 1141.06
3pt>
File: diagrams/png/itsec-ref-model-grimm-procedure.png Graphic file (type png)
 <use diagrams/png/itsec-ref-model-grimm-procedure.png>
Package pdftex.def Info: diagrams/png/itsec-ref-model-grimm-procedure.png used 
on input line 3.
(pdftex.def)             Requested size: 458.08936pt x 319.39099pt.
File: LiveGovLogoSmall.png Graphic file (type png)

<use LiveGovLogoSmall.png>
Package pdftex.def Info: LiveGovLogoSmall.png used on input line 5.
(pdftex.def)             Requested size: 144.7488pt x 24.46938pt.


Package Fancyhdr Warning: \headheight is too small (15.2pt): 
 Make it at least 28.81941pt.
 We now make it that large for the rest of the document.
 This may cause the page layout to be inconsistent, however.

[17])
File: LiveGovLogoSmall.png Graphic file (type png)
 <use LiveGovLogoSmall.png>
Package pdftex.def Info: LiveGovLogoSmall.png used on input line 701.
(pdftex.def)             Requested size: 144.7488pt x 24.46938pt.


Package Fancyhdr Warning: \headheight is too small (15.2pt): 
 Make it at least 28.81941pt.
 We now make it that large for the rest of the document.
 This may cause the page layout to be inconsistent, however.

[18 <./diagrams/png/itsec-ref-model-grimm-procedure.png>]

LaTeX Warning: Reference `sec:taxonomy' on page 19 undefined on input line 749.



Package xcolor Warning: Incompatible color definition on input line 754.

(./figures/LG-Operation-Scenario-01-Server-Side-Mining.tex
<diagrams/png/scenario01-ServerSideMining.png, id=241, 1636.514pt x 1141.063pt>
File: diagrams/png/scenario01-ServerSideMining.png Graphic file (type png)
<use diagrams/png/scenario01-ServerSideMining.png>
Package pdftex.def Info: diagrams/png/scenario01-ServerSideMining.png used on i
nput line 3.
(pdftex.def)             Requested size: 458.08936pt x 319.39099pt.
LaTeX Font Info:    Font shape `OT1/ptm/bx/n' in size <8> not available
(Font)              Font shape `OT1/ptm/b/n' tried instead on input line 7.
LaTeX Font Info:    Font shape `OMS/ptm/m/n' in size <8> not available
(Font)              Font shape `OMS/cmsy/m/n' tried instead on input line 11.
File: LiveGovLogoSmall.png Graphic file (type png)
 <use LiveGovLogoSmall.png>
Package pdftex.def Info: LiveGovLogoSmall.png used on input line 31.
(pdftex.def)             Requested size: 144.7488pt x 24.46938pt.


Package Fancyhdr Warning: \headheight is too small (15.2pt): 
 Make it at least 28.81941pt.
 We now make it that large for the rest of the document.
 This may cause the page layout to be inconsistent, however.

[19])

Package xcolor Warning: Incompatible color definition on input line 777.

(./figures/LG-Operation-Scenario-02-Mobile-Mining.tex
<diagrams/png/scenario02-MobileMining.png, id=253, 1636.514pt x 1141.063pt>
File: diagrams/png/scenario02-MobileMining.png Graphic file (type png)

<use diagrams/png/scenario02-MobileMining.png>
Package pdftex.def Info: diagrams/png/scenario02-MobileMining.png used on input
 line 3.
(pdftex.def)             Requested size: 458.08936pt x 319.39099pt.
)
File: LiveGovLogoSmall.png Graphic file (type png)
 <use LiveGovLogoSmall.png>
Package pdftex.def Info: LiveGovLogoSmall.png used on input line 788.
(pdftex.def)             Requested size: 144.7488pt x 24.46938pt.


Package Fancyhdr Warning: \headheight is too small (15.2pt): 
 Make it at least 28.81941pt.
 We now make it that large for the rest of the document.
 This may cause the page layout to be inconsistent, however.

[20 <./diagrams/png/scenario01-ServerSideMining.png>]
File: LiveGovLogoSmall.png Graphic file (type png)

<use LiveGovLogoSmall.png>
Package pdftex.def Info: LiveGovLogoSmall.png used on input line 788.
(pdftex.def)             Requested size: 144.7488pt x 24.46938pt.


Package Fancyhdr Warning: \headheight is too small (15.2pt): 
 Make it at least 28.81941pt.
 We now make it that large for the rest of the document.
 This may cause the page layout to be inconsistent, however.

[21 <./diagrams/png/scenario02-MobileMining.png>]

Package xcolor Warning: Incompatible color definition on input line 798.

(./figures/LG-Conflicts-Of-Interests.tex
<diagrams/png/conflict-of-interests.png, id=268, 1636.514pt x 1141.063pt>
File: diagrams/png/conflict-of-interests.png Graphic file (type png)

<use diagrams/png/conflict-of-interests.png>
Package pdftex.def Info: diagrams/png/conflict-of-interests.png used on input l
ine 3.
(pdftex.def)             Requested size: 458.08936pt x 319.39099pt.
)
File: LiveGovLogoSmall.png Graphic file (type png)
 <use LiveGovLogoSmall.png>
Package pdftex.def Info: LiveGovLogoSmall.png used on input line 821.
(pdftex.def)             Requested size: 144.7488pt x 24.46938pt.


Package Fancyhdr Warning: \headheight is too small (15.2pt): 
 Make it at least 28.81941pt.
 We now make it that large for the rest of the document.
 This may cause the page layout to be inconsistent, however.

[22 <./diagrams/png/conflict-of-interests.png>]
(./figures/LG-Vulnerabilities.tex
<diagrams/png/scenario-vulnerabilities.png, id=276, 1636.514pt x 1141.063pt>
File: diagrams/png/scenario-vulnerabilities.png Graphic file (type png)

<use diagrams/png/scenario-vulnerabilities.png>
Package pdftex.def Info: diagrams/png/scenario-vulnerabilities.png used on inpu
t line 3.
(pdftex.def)             Requested size: 458.08936pt x 319.39099pt.
)

Package xcolor Warning: Incompatible color definition on input line 877.


LaTeX Warning: Hyper reference `references' on page 23 undefined on input line 
895.

File: LiveGovLogoSmall.png Graphic file (type png)
<use LiveGovLogoSmall.png>
Package pdftex.def Info: LiveGovLogoSmall.png used on input line 907.
(pdftex.def)             Requested size: 144.7488pt x 24.46938pt.


Package Fancyhdr Warning: \headheight is too small (15.2pt): 
 Make it at least 28.81941pt.
 We now make it that large for the rest of the document.
 This may cause the page layout to be inconsistent, however.

[23]
File: LiveGovLogoSmall.png Graphic file (type png)
 <use LiveGovLogoSmall.png>
Package pdftex.def Info: LiveGovLogoSmall.png used on input line 907.
(pdftex.def)             Requested size: 144.7488pt x 24.46938pt.


Package Fancyhdr Warning: \headheight is too small (15.2pt): 
 Make it at least 28.81941pt.
 We now make it that large for the rest of the document.
 This may cause the page layout to be inconsistent, however.

[24 <./diagrams/png/scenario-vulnerabilities.png>]

Package xcolor Warning: Incompatible color definition on input line 955.

(./figures/Implicit-Privacy-Violation-Matrix.tex
<diagrams/png/implicit-privacy-violation-matrix.png, id=291, 1126.2075pt x 795.
97375pt>
File: diagrams/png/implicit-privacy-violation-matrix.png Graphic file (type png
)
 <use diagrams/png/implicit-privacy-violation-matrix.png>
Package pdftex.def Info: diagrams/png/implicit-privacy-violation-matrix.png use
d on input line 3.
(pdftex.def)             Requested size: 458.08936pt x 323.76434pt.
)
(./figures/ThreatTable.tex
File: LiveGovLogoSmall.png Graphic file (type png)
 <use LiveGovLogoSmall.png>
Package pdftex.def Info: LiveGovLogoSmall.png used on input line 67.
(pdftex.def)             Requested size: 144.7488pt x 24.46938pt.


Package Fancyhdr Warning: \headheight is too small (15.2pt): 
 Make it at least 28.81941pt.
 We now make it that large for the rest of the document.
 This may cause the page layout to be inconsistent, however.

[25]
File: LiveGovLogoSmall.png Graphic file (type png)
 <use LiveGovLogoSmall.png>
Package pdftex.def Info: LiveGovLogoSmall.png used on input line 67.
(pdftex.def)             Requested size: 144.7488pt x 24.46938pt.


Package Fancyhdr Warning: \headheight is too small (15.2pt): 
 Make it at least 28.81941pt.
 We now make it that large for the rest of the document.
 This may cause the page layout to be inconsistent, however.

[26 <./diagrams/png/implicit-privacy-violation-matrix.png>]

! LaTeX Error: There's no line here to end.

See the LaTeX manual or LaTeX Companion for explanation.
Type  H <return>  for immediate help.
 ...                                              
                                                  
l.83 {\textbf{Explicit:} 1,4,6,7}
                                 
Your command was ignored.
Type  I <command> <return>  to replace it with another command,
or  <return>  to continue without it.

File: LiveGovLogoSmall.png Graphic file (type png)
<use LiveGovLogoSmall.png>
Package pdftex.def Info: LiveGovLogoSmall.png used on input line 123.
(pdftex.def)             Requested size: 144.7488pt x 24.46938pt.


Package Fancyhdr Warning: \headheight is too small (15.2pt): 
 Make it at least 28.81941pt.
 We now make it that large for the rest of the document.
 This may cause the page layout to be inconsistent, however.

[27])
Underfull \hbox (badness 3482) in paragraph at lines 995--998
[]\OT1/ptm/b/n/12 Privacy of The Person: \OT1/ptm/m/n/12 Religious practices ma
y include body modifications
 []


Underfull \hbox (badness 2293) in paragraph at lines 1036--1040
[]\OT1/ptm/b/n/12 Privacy of Thoughts and Feelings: \OT1/ptm/m/n/12 Communicati
on of thoughts and feelings,
 []

File: LiveGovLogoSmall.png Graphic file (type png)
<use LiveGovLogoSmall.png>
Package pdftex.def Info: LiveGovLogoSmall.png used on input line 1058.
(pdftex.def)             Requested size: 144.7488pt x 24.46938pt.


Package Fancyhdr Warning: \headheight is too small (15.2pt): 
 Make it at least 28.81941pt.
 We now make it that large for the rest of the document.
 This may cause the page layout to be inconsistent, however.

[28


]
File: LiveGovLogoSmall.png Graphic file (type png)
 <use LiveGovLogoSmall.png>
Package pdftex.def Info: LiveGovLogoSmall.png used on input line 1147.
(pdftex.def)             Requested size: 144.7488pt x 24.46938pt.


Package Fancyhdr Warning: \headheight is too small (15.2pt): 
 Make it at least 28.81941pt.
 We now make it that large for the rest of the document.
 This may cause the page layout to be inconsistent, however.

[29]

Package xcolor Warning: Incompatible color definition on input line 1169.

(./figures/LG-Sensor-Privacy-Matrix.tex
<diagrams/png/sensor-privacy-matrix.png, id=325, 1126.2075pt x 795.97375pt>
File: diagrams/png/sensor-privacy-matrix.png Graphic file (type png)

<use diagrams/png/sensor-privacy-matrix.png>
Package pdftex.def Info: diagrams/png/sensor-privacy-matrix.png used on input l
ine 3.
(pdftex.def)             Requested size: 458.08936pt x 323.76434pt.
)
File: LiveGovLogoSmall.png Graphic file (type png)
 <use LiveGovLogoSmall.png>
Package pdftex.def Info: LiveGovLogoSmall.png used on input line 1190.
(pdftex.def)             Requested size: 144.7488pt x 24.46938pt.


Package Fancyhdr Warning: \headheight is too small (15.2pt): 
 Make it at least 28.81941pt.
 We now make it that large for the rest of the document.
 This may cause the page layout to be inconsistent, however.

[30 <./diagrams/png/sensor-privacy-matrix.png>]

LaTeX Warning: Hyper reference `references' on page 31 undefined on input line 
1250.

File: LiveGovLogoSmall.png Graphic file (type png)
<use LiveGovLogoSmall.png>
Package pdftex.def Info: LiveGovLogoSmall.png used on input line 1257.
(pdftex.def)             Requested size: 144.7488pt x 24.46938pt.


Package Fancyhdr Warning: \headheight is too small (15.2pt): 
 Make it at least 28.81941pt.
 We now make it that large for the rest of the document.
 This may cause the page layout to be inconsistent, however.

[31]

LaTeX Warning: Hyper reference `references' on page 32 undefined on input line 
1274.


LaTeX Warning: Hyper reference `references' on page 32 undefined on input line 
1286.


Underfull \hbox (badness 7558) in paragraph at lines 1286--1292
 \OT1/ptm/m/it/12 1.3.2.1.3.3 3 Privacy of Communication[] ``It `aims to avoid 
the interception of
 []


LaTeX Warning: Hyper reference `references' on page 32 undefined on input line 
1297.


LaTeX Warning: Hyper reference `references' on page 32 undefined on input line 
1324.

File: LiveGovLogoSmall.png Graphic file (type png)
<use LiveGovLogoSmall.png>
Package pdftex.def Info: LiveGovLogoSmall.png used on input line 1332.
(pdftex.def)             Requested size: 144.7488pt x 24.46938pt.


Package Fancyhdr Warning: \headheight is too small (15.2pt): 
 Make it at least 28.81941pt.
 We now make it that large for the rest of the document.
 This may cause the page layout to be inconsistent, however.

[32]

LaTeX Warning: Hyper reference `references' on page 33 undefined on input line 
1342.


LaTeX Warning: Hyper reference `references' on page 33 undefined on input line 
1358.


Package xcolor Warning: Incompatible color definition on input line 1372.


LaTeX Warning: Hyper reference `references' on page 33 undefined on input line 
1375.

(./figures/The-7-Cs-Of-User-Privacy-Control.tex
<diagrams/png/The7Cs.png, id=352, 1636.514pt x 1141.063pt>
File: diagrams/png/The7Cs.png Graphic file (type png)

<use diagrams/png/The7Cs.png>
Package pdftex.def Info: diagrams/png/The7Cs.png used on input line 3.
(pdftex.def)             Requested size: 458.08936pt x 319.39099pt.
)
LaTeX Font Info:    Font shape `OT1/ptm/bx/it' in size <12> not available
(Font)              Font shape `OT1/ptm/b/it' tried instead on input line 1393.

File: LiveGovLogoSmall.png Graphic file (type png)
 <use LiveGovLogoSmall.png>
Package pdftex.def Info: LiveGovLogoSmall.png used on input line 1394.
(pdftex.def)             Requested size: 144.7488pt x 24.46938pt.


Package Fancyhdr Warning: \headheight is too small (15.2pt): 
 Make it at least 28.81941pt.
 We now make it that large for the rest of the document.
 This may cause the page layout to be inconsistent, however.

[33]
File: LiveGovLogoSmall.png Graphic file (type png)
 <use LiveGovLogoSmall.png>
Package pdftex.def Info: LiveGovLogoSmall.png used on input line 1433.
(pdftex.def)             Requested size: 144.7488pt x 24.46938pt.


Package Fancyhdr Warning: \headheight is too small (15.2pt): 
 Make it at least 28.81941pt.
 We now make it that large for the rest of the document.
 This may cause the page layout to be inconsistent, however.

[34 <./diagrams/png/The7Cs.png>]

Package xcolor Warning: Incompatible color definition on input line 1488.

(./figures/The-2-Stepos-Of-The-7-Cs-Of-User-Privacy-Control.tex
<diagrams/png/7Cs2Steps.png, id=372, 1636.514pt x 1141.063pt>
File: diagrams/png/7Cs2Steps.png Graphic file (type png)

<use diagrams/png/7Cs2Steps.png>
Package pdftex.def Info: diagrams/png/7Cs2Steps.png used on input line 3.
(pdftex.def)             Requested size: 458.08936pt x 319.39099pt.
)
File: LiveGovLogoSmall.png Graphic file (type png)
 <use LiveGovLogoSmall.png>
Package pdftex.def Info: LiveGovLogoSmall.png used on input line 1503.
(pdftex.def)             Requested size: 144.7488pt x 24.46938pt.


Package Fancyhdr Warning: \headheight is too small (15.2pt): 
 Make it at least 28.81941pt.
 We now make it that large for the rest of the document.
 This may cause the page layout to be inconsistent, however.

[35]
Underfull \hbox (badness 2495) in paragraph at lines 1516--1520
 \OT1/ptm/m/it/12 1.3.3.1.2.2 (II) Enable \OT1/ptm/m/n/12 Actual \OT1/ptm/m/it/
12 Control[] \OT1/ptm/m/n/12 Naturally after creating a certain amount of
 []

)
File: LiveGovLogoSmall.png Graphic file (type png)
 <use LiveGovLogoSmall.png>
Package pdftex.def Info: LiveGovLogoSmall.png used on input line 244.
(pdftex.def)             Requested size: 144.7488pt x 24.46938pt.


Package Fancyhdr Warning: \headheight is too small (15.2pt): 
 Make it at least 28.81941pt.
 We now make it that large for the rest of the document.
 This may cause the page layout to be inconsistent, however.

[36 <./diagrams/png/7Cs2Steps.png>]
Missing character: There is no Ã in font ptmr7t!
Missing character: There is no ¤ in font ptmr7t!

No file D1-3.bbl.

AED: lastpage setting LastPage
File: LiveGovLogoSmall.png Graphic file (type png)
<use LiveGovLogoSmall.png>
Package pdftex.def Info: LiveGovLogoSmall.png used on input line 263.
(pdftex.def)             Requested size: 144.7488pt x 24.46938pt.


Package Fancyhdr Warning: \headheight is too small (15.2pt): 
 Make it at least 28.81941pt.
 We now make it that large for the rest of the document.
 This may cause the page layout to be inconsistent, however.

[37

]
Package atveryend Info: Empty hook `BeforeClearDocument' on input line 263.
Package atveryend Info: Empty hook `AfterLastShipout' on input line 263.
 (./D1-3.aux)
Package atveryend Info: Executing hook `AtVeryEndDocument' on input line 263.
Package atveryend Info: Executing hook `AtEndAfterFileList' on input line 263.
Package rerunfilecheck Info: File `D1-3.out' has not changed.
(rerunfilecheck)             Checksum: D43957E00C26669DE00D4780E482C2A5;652.


LaTeX Font Warning: Some font shapes were not available, defaults substituted.


LaTeX Warning: There were undefined references.

Package atveryend Info: Empty hook `AtVeryVeryEnd' on input line 263.
 ) 
Here is how much of TeX's memory you used:
 8276 strings out of 495028
 121138 string characters out of 6181497
 211144 words of memory out of 5000000
 11098 multiletter control sequences out of 15000+600000
 35616 words of font info for 71 fonts, out of 8000000 for 9000
 14 hyphenation exceptions out of 8191
 41i,15n,45p,616b,415s stack positions out of 5000i,500n,10000p,200000b,80000s
{/usr/share/texlive/texmf-dist/fonts/enc/dvips/base/8r.enc}</usr/share/texliv
e/texmf-dist/fonts/type1/public/amsfonts/cm/cmmi12.pfb></usr/share/texlive/texm
f-dist/fonts/type1/public/amsfonts/cm/cmsy10.pfb></usr/share/texlive/texmf-dist
/fonts/type1/public/amsfonts/cm/cmsy8.pfb></usr/share/texlive/texmf-dist/fonts/
type1/urw/courier/ucrr8a.pfb></usr/share/texlive/texmf-dist/fonts/type1/urw/hel
vetic/uhvb8a.pfb></usr/share/texlive/texmf-dist/fonts/type1/urw/times/utmb8a.pf
b></usr/share/texlive/texmf-dist/fonts/type1/urw/times/utmbi8a.pfb></usr/share/
texlive/texmf-dist/fonts/type1/urw/times/utmr8a.pfb></usr/share/texlive/texmf-d
ist/fonts/type1/urw/times/utmri8a.pfb>
Output written on D1-3.pdf (37 pages, 1414600 bytes).
PDF statistics:
 466 PDF objects out of 1000 (max. 8388607)
 375 compressed objects within 4 object streams
 161 named destinations out of 1000 (max. 500000)
 156 words of extra memory for PDF output out of 10000 (max. 10000000)

